[21:02:13] [main/INFO]: Environment: authHost='https://authserver.mojang.com', accountsHost='https://api.mojang.com', sessionHost='https://sessionserver.mojang.com', servicesHost='https://api.minecraftservices.com', name='PROD'
[21:02:13] [main/INFO]: Reloading ResourceManager: Default, bukkit
[21:02:14] [Worker-Main-1/INFO]: Loaded 7 recipes
[21:02:15] [Server thread/INFO]: Starting minecraft server version 1.17.1
[21:02:15] [Server thread/INFO]: Loading properties
[21:02:15] [Server thread/INFO]: This server is running Paper version git-Paper-408 (MC: 1.17.1) (Implementing API version 1.17.1-R0.1-SNAPSHOT) (Git: cc43ba7 on ver/1.17.1)
[21:02:15] [Server thread/INFO]: Server Ping Player Sample Count: 12
[21:02:15] [Server thread/INFO]: Using 4 threads for Netty based IO
[21:02:15] [Server thread/INFO]: Default game type: SURVIVAL
[21:02:15] [Server thread/INFO]: Generating keypair
[21:02:15] [Server thread/INFO]: Starting Minecraft server on 51.81.49.99:25671
[21:02:15] [Server thread/INFO]: Using epoll channel type
[21:02:15] [Server thread/INFO]: Paper: Using libdeflate (Linux x86_64) compression from Velocity.
[21:02:15] [Server thread/INFO]: Paper: Using OpenSSL 1.0.x (Linux x86_64) cipher from Velocity.
[21:02:16] [Server thread/INFO]: [LaunchPads] Loading 1 libraries... please wait
[21:02:16] [Server thread/INFO]: [LaunchPads] Loaded library /home/minecraft/multicraft/servers/server51483/libraries/org/jetbrains/kotlin/kotlin-stdlib/1.6.0/kotlin-stdlib-1.6.0.jar
[21:02:16] [Server thread/INFO]: [LaunchPads] Loaded library /home/minecraft/multicraft/servers/server51483/libraries/org/jetbrains/annotations/13.0/annotations-13.0.jar
[21:02:16] [Server thread/INFO]: [LaunchPads] Loaded library /home/minecraft/multicraft/servers/server51483/libraries/org/jetbrains/kotlin/kotlin-stdlib-common/1.6.0/kotlin-stdlib-common-1.6.0.jar
[21:02:16] [Server thread/ERROR]: [STDERR] [org.bukkit.craftbukkit.v1_17_R1.legacy.CraftLegacy] Initializing Legacy Material Support. Unless you have legacy plugins and/or data this is a bug!
[21:02:20] [Server thread/WARN]: Legacy plugin MVdWPlaceholderAPI v3.1.1 does not specify an api-version.
[21:02:20] [Server thread/WARN]: Legacy plugin QuickBoard v4.4.1 does not specify an api-version.
[21:02:20] [Server thread/WARN]: Legacy plugin ServerListPlus v3.4.8 does not specify an api-version.
[21:02:20] [Server thread/INFO]: [VoidGen] Loading VoidGen v2.1.3
[21:02:20] [Server thread/INFO]: [VoidTeleport] Loading VoidTeleport v2.3.7
[21:02:20] [Server thread/INFO]: [PlaceholderAPI] Loading PlaceholderAPI v2.11.1
[21:02:20] [Server thread/INFO]: [LaunchPads] Loading LaunchPads v2.1.0
[21:02:20] [Server thread/INFO]: [LaggRemover] Loading LaggRemover v2.0.6
[21:02:20] [Server thread/INFO]: [MVdWPlaceholderAPI] Loading MVdWPlaceholderAPI v3.1.1
[21:02:20] [Server thread/INFO]: [ViaVersion] Loading ViaVersion v4.1.1
[21:02:20] [Server thread/INFO]: [ViaVersion] ViaVersion 4.1.1 is now loaded, injecting!
[21:02:20] [Via-Mappingloader-0/INFO]: [ViaVersion] Loading 1.12 -> 1.13 mappings...
[21:02:20] [Via-Mappingloader-1/INFO]: [ViaVersion] Loading 1.13 -> 1.13.2 mappings...
[21:02:20] [Via-Mappingloader-2/INFO]: [ViaVersion] Loading 1.13.2 -> 1.14 mappings...
[21:02:20] [Via-Mappingloader-3/INFO]: [ViaVersion] Loading 1.14 -> 1.15 mappings...
[21:02:20] [Via-Mappingloader-4/INFO]: [ViaVersion] Loading 1.15 -> 1.16 mappings...
[21:02:20] [Via-Mappingloader-5/INFO]: [ViaVersion] Loading 1.16 -> 1.16.2 mappings...
[21:02:20] [Via-Mappingloader-6/INFO]: [ViaVersion] Loading 1.16.2 -> 1.17 mappings...
[21:02:21] [Via-Mappingloader-7/INFO]: [ViaVersion] Loading 1.17 -> 1.18 mappings...
[21:02:21] [Server thread/INFO]: [ViaBackwards] Loading ViaBackwards v4.1.1
[21:02:21] [Server thread/INFO]: [ViaBackwards] Loading translations...
[21:02:21] [Via-Mappingloader-1/INFO]: [ViaBackwards] Loading 1.10 -> 1.9.4 mappings...
[21:02:21] [Via-Mappingloader-0/INFO]: [ViaVersion] Loading block connection mappings ...
[21:02:21] [Via-Mappingloader-1/INFO]: [ViaBackwards] Loading 1.11 -> 1.10 mappings...
[21:02:21] [Via-Mappingloader-1/INFO]: [ViaBackwards] Loading 1.12 -> 1.11 mappings...
[21:02:22] [Via-Mappingloader-1/INFO]: [ViaBackwards] Loading 1.13.2 -> 1.13 mappings...
[21:02:22] [Via-Mappingloader-1/INFO]: [ViaBackwards] Loading 1.14 -> 1.13.2 mappings...
[21:02:22] [Via-Mappingloader-2/INFO]: [ViaBackwards] Loading 1.15 -> 1.14 mappings...
[21:02:22] [Via-Mappingloader-3/INFO]: [ViaBackwards] Loading 1.16 -> 1.15 mappings...
[21:02:22] [Via-Mappingloader-4/INFO]: [ViaBackwards] Loading 1.17 -> 1.16.2 mappings...
[21:02:22] [Via-Mappingloader-7/INFO]: [ViaBackwards] Loading 1.18 -> 1.17 mappings...
[21:02:22] [Via-Mappingloader-6/INFO]: [ViaBackwards] Loading 1.16.2 -> 1.16 mappings...
[21:02:22] [Server thread/INFO]: [ViaRewind] Loading ViaRewind v2.0.2
[21:02:22] [Server thread/INFO]: [LuckPerms] Loading LuckPerms v5.3.86
[21:02:22] [Via-Mappingloader-5/INFO]: [ViaBackwards] Loading 1.13 -> 1.12 mappings...
[21:02:23] [Server thread/INFO]: [QuickBoard] Loading QuickBoard v4.4.1
[21:02:23] [Server thread/INFO]: [ProtocolLib] Loading ProtocolLib v4.7.0
[21:02:24] [Server thread/INFO]: [Vault] Loading Vault v1.7.3-b131
[21:02:24] [Server thread/INFO]: [ServerListPlus] Loading ServerListPlus v3.4.8
[21:02:24] [Server thread/INFO]: [WorldEdit] Loading WorldEdit v7.2.8+6008-1246d61
[21:02:24] [Server thread/INFO]: Got request to register class com.sk89q.worldedit.bukkit.BukkitServerInterface with WorldEdit [com.sk89q.worldedit.extension.platform.PlatformManager@545e03bb]
[21:02:24] [Server thread/INFO]: [Essentials] Loading Essentials v2.19.2
[21:02:24] [Server thread/INFO]: [HolographicDisplays] Loading HolographicDisplays v2.4.9
[21:02:24] [Server thread/INFO]: [WorldGuard] Loading WorldGuard v7.0.6+1cff55f
[21:02:24] [Server thread/INFO]: [Citizens] Loading Citizens v2.0.29-SNAPSHOT (build 2448)
[21:02:24] [Server thread/INFO]: [EssentialsChat] Loading EssentialsChat v2.19.2
[21:02:24] [Server thread/INFO]: [TAB] Loading TAB v3.0.1
[21:02:24] [Server thread/INFO]: [EssentialsSpawn] Loading EssentialsSpawn v2.19.2
[21:02:24] [Server thread/INFO]: [WorldGuardExtraFlags] Loading WorldGuardExtraFlags v4.1.5-SNAPSHOT
[21:02:24] [Server thread/INFO]: [TitleManager] Loading TitleManager v2.3.6
[21:02:24] [Server thread/INFO]: [GadgetsMenu] Loading GadgetsMenu v4.6.0
[21:02:24] [Server thread/INFO]: [Skywars] Loading Skywars v5.6.1
[21:02:24] [Server thread/INFO]: Server permissions file permissions.yml is empty, ignoring it
[21:02:24] [Server thread/INFO]: [VoidGen] Enabling VoidGen v2.1.3
[21:02:24] [Server thread/INFO]: [VoidGen] Using VoidChunkGen: VERSION_1_17_1
[21:02:24] [Server thread/INFO]: [ViaRewind] Enabling ViaRewind v2.0.2
[21:02:24] [Server thread/INFO]: [LuckPerms] Enabling LuckPerms v5.3.86
[21:02:24] [Server thread/INFO]:         __    
[21:02:24] [Server thread/INFO]:   |    |__)   LuckPerms v5.3.86
[21:02:24] [Server thread/INFO]:   |___ |      Running on Bukkit - Paper
[21:02:24] [Server thread/INFO]: 
[21:02:24] [Server thread/INFO]: [LuckPerms] Loading configuration...
[21:02:25] [Server thread/INFO]: [LuckPerms] Loading storage provider... [H2]
[21:02:25] [Server thread/INFO]: [LuckPerms] Loading internal permission managers...
[21:02:25] [Server thread/INFO]: [LuckPerms] Performing initial data load...
[21:02:25] [Server thread/INFO]: [LuckPerms] Successfully enabled. (took 1418ms)
[21:02:25] [Server thread/INFO]: [ProtocolLib] Enabling ProtocolLib v4.7.0
[21:02:25] [Server thread/INFO]: [ProtocolLib] Started structure compiler thread.
[21:02:25] [Server thread/INFO]: [Vault] Enabling Vault v1.7.3-b131
[21:02:26] [Server thread/WARN]: [Vault] Loaded class com.earth2me.essentials.api.Economy from Essentials v2.19.2 which is not a depend, softdepend or loadbefore of this plugin.
[21:02:26] [Server thread/INFO]: [Vault] [Economy] Essentials Economy found: Waiting
[21:02:26] [Server thread/INFO]: [Vault] [Permission] SuperPermissions loaded as backup permission system.
[21:02:26] [Server thread/INFO]: [Vault] Enabled Version 1.7.3-b131
[21:02:26] [Server thread/INFO]: [LuckPerms] Registered Vault permission & chat hook.
[21:02:26] [Server thread/INFO]: [WorldEdit] Enabling WorldEdit v7.2.8+6008-1246d61
[21:02:26] [Server thread/INFO]: Registering commands with com.sk89q.worldedit.bukkit.BukkitServerInterface
[21:02:26] [Server thread/INFO]: WEPIF: Vault detected! Using Vault for permissions
[21:02:26] [Server thread/INFO]: Using com.sk89q.worldedit.bukkit.adapter.impl.v1_17_R1_2.PaperweightAdapter as the Bukkit adapter
[21:02:27] [Server thread/INFO]: Preparing level "skywars_world"
[21:02:27] [Server thread/INFO]: [VoidGen] Generator settings have not been set. Using default values:
[21:02:27] [Server thread/INFO]: [VoidGen] {"caves":false,"decoration":false,"mobs":false,"structures":false,"noise":false,"surface":false,"bedrock":false}
[21:02:27] [Server thread/INFO]: Preparing start region for dimension minecraft:overworld
[21:02:27] [Server thread/INFO]: Preparing spawn area: 0%
[21:02:27] [Server thread/INFO]: Preparing spawn area: 0%
[21:02:28] [Server thread/INFO]: Time elapsed: 691 ms
[21:02:28] [Server thread/INFO]: [VoidTeleport] Enabling VoidTeleport v2.3.7
[21:02:28] [Server thread/INFO]: 

                ===================================================
                                    VoidTeleport
                ===================================================

                              Current version: 2.3.7
                        You are running the latest version!

                ===================================================

[21:02:28] [Server thread/INFO]: [VoidTeleport] Developed by EndlessGames.
[21:02:28] [Server thread/INFO]: [PlaceholderAPI] Enabling PlaceholderAPI v2.11.1
[21:02:28] [Server thread/WARN]: [PlaceholderAPI] Loaded class com.viaversion.viaversion.api.type.Type from ViaVersion v4.1.1 which is not a depend, softdepend or loadbefore of this plugin.
[21:02:28] [Server thread/INFO]: [PlaceholderAPI] Fetching available expansion information...
[21:02:28] [Server thread/INFO]: [LaunchPads] Enabling LaunchPads v2.1.0
[21:02:28] [Server thread/INFO]: [LaunchPads] Loaded 2 LaunchPad types in 22 ms.
[21:02:28] [Server thread/INFO]: [LaggRemover] Enabling LaggRemover v2.0.6
[21:02:28] [Server thread/INFO]: [LaggRemover] [STDOUT] 
    __                      ____                                         _    _____
   / /   ____ _____ _____ _/ __ \___  ____ ___  ____ _   _____  _____   | |  / /__ \
  / /   / __ `/ __ `/ __ `/ /_/ / _ \/ __ `__ \/ __ \ | / / _ \/ ___/   | | / /__/ /
 / /___/ /_/ / /_/ / /_/ / _, _/  __/ / / / / / /_/ / |/ /  __/ /       | |/ // __/
/_____/\__,_/\__, /\__, /_/ |_|\___/_/ /_/ /_/\____/|___/\___/_/        |___//____/
            /____//____/

[21:02:28] [Server thread/WARN]: Nag author(s): '[drew6017]' of 'LaggRemover' about their usage of System.out/err.print. Please use your plugin's logger instead (JavaPlugin#getLogger).
[21:02:28] [Server thread/INFO]: [LaggRemover] Loaded 0 module(s)
[21:02:28] [Server thread/INFO]: [LaggRemover] The LaggRemover AI is now active!
[21:02:28] [Server thread/INFO]: [LaggRemover] LaggRemover has been enabled!
[21:02:28] [Server thread/INFO]: [MVdWPlaceholderAPI] Enabling MVdWPlaceholderAPI v3.1.1*
[21:02:28] [Server thread/INFO]: [MVdWPlaceholderAPI] Initializing placeholders ...
[21:02:28] [Server thread/INFO]: [MVdWPlaceholderAPI] Sending metrics ...
[21:02:28] [Server thread/INFO]: [ViaVersion] Enabling ViaVersion v4.1.1
[21:02:28] [Server thread/INFO]: [ViaBackwards] Enabling ViaBackwards v4.1.1
[21:02:28] [Server thread/INFO]: [QuickBoard] Enabling QuickBoard v4.4.1*
[21:02:28] [Server thread/INFO]: [QuickBoard] ------------------------------
[21:02:28] [Server thread/INFO]: [QuickBoard]           QuickBoard          
[21:02:28] [Server thread/INFO]: [QuickBoard] Listeners registered
[21:02:28] [Server thread/INFO]: [QuickBoard] Loading scoreboards
[21:02:28] [Server thread/INFO]: [QuickBoard] Loaded 'scoreboard.default.yml' with permission 'scoreboard.default'
[21:02:28] [Server thread/INFO]: [QuickBoard] Scoreboards loaded
[21:02:28] [Server thread/INFO]: [QuickBoard] Config registered
[21:02:28] [Server thread/INFO]: [QuickBoard] Update Tasks started
[21:02:28] [Server thread/INFO]: [QuickBoard] Command 'quickboard' enabled
[21:02:28] [Server thread/INFO]: [QuickBoard]           QuickBoard          
[21:02:28] [Server thread/INFO]: [QuickBoard] ------------------------------
[21:02:28] [Server thread/INFO]: [ServerListPlus] Enabling ServerListPlus v3.4.8*
[21:02:28] [Server thread/INFO]: [ServerListPlus] [Core] Reloading configuration...
[21:02:28] [Server thread/INFO]: [ServerListPlus] [Core] Loaded configuration: ServerStatusConf
[21:02:28] [Server thread/INFO]: [ServerListPlus] [Core] Loaded configuration: PluginConf
[21:02:28] [Server thread/INFO]: [ServerListPlus] [Core] Reloading saved player identities...
[21:02:28] [Server thread/INFO]: [ServerListPlus] Successfully loaded!
[21:02:28] [Server thread/INFO]: [ServerListPlus] ServerListPlus v3.4.8 enabled.
[21:02:28] [Server thread/INFO]: [Essentials] Enabling Essentials v2.19.2
[21:02:28] [Server thread/INFO]: [Essentials] Attempting to convert old kits in config.yml to new kits.yml
[21:02:28] [Server thread/INFO]: [Essentials] No kits found to migrate.
[21:02:28] [Server thread/INFO]: [Essentials] Loaded 36926 items from items.json.
[21:02:28] [Server thread/INFO]: [Essentials] Using locale en_US
[21:02:28] [Server thread/INFO]: [Essentials] ServerListPingEvent: Spigot iterator API
[21:02:28] [Server thread/INFO]: [Essentials] Starting Metrics. Opt-out using the global bStats config.
[21:02:28] [Server thread/INFO]: [Vault] [Economy] Essentials Economy hooked.
[21:02:28] [Server thread/INFO]: [Essentials] Using Vault based permissions (LuckPerms)
[21:02:28] [Server thread/INFO]: [HolographicDisplays] Enabling HolographicDisplays v2.4.9
[21:02:28] [Server thread/INFO]: [HolographicDisplays] Enabled player relative placeholders with ProtocolLib.
[21:02:28] [Server thread/INFO]: [WorldGuard] Enabling WorldGuard v7.0.6+1cff55f
[21:02:29] [Server thread/INFO]: [WorldGuard] (skywars_world) TNT ignition is PERMITTED.
[21:02:29] [Server thread/INFO]: [WorldGuard] (skywars_world) Lighters are PERMITTED.
[21:02:29] [Server thread/INFO]: [WorldGuard] (skywars_world) Lava fire is PERMITTED.
[21:02:29] [Server thread/INFO]: [WorldGuard] (skywars_world) Fire spread is UNRESTRICTED.
[21:02:29] [Server thread/INFO]: [WorldGuard] Loaded configuration for world 'skywars_world'
[21:02:29] [Server thread/INFO]: [WorldGuard] Loading region data...
[21:02:29] [Server thread/INFO]: [Citizens] Enabling Citizens v2.0.29-SNAPSHOT (build 2448)
[21:02:29] [Server thread/INFO]: [EssentialsChat] Enabling EssentialsChat v2.19.2
[21:02:29] [Server thread/INFO]: [EssentialsChat] Starting Metrics. Opt-out using the global bStats config.
[21:02:29] [Server thread/INFO]: [TAB] Enabling TAB v3.0.1
[21:02:29] [Server thread/INFO]: [TAB] Server version: 1.17.1 (v1_17_R1)
[21:02:29] [Server thread/INFO]: [TAB] Loaded NMS hook in 11ms
[21:02:29] [Server thread/INFO]: [PlaceholderAPI] Successfully registered expansion: tab [3.0.1]
[21:02:29] [Server thread/INFO]: [TAB] Enabled in 60ms
[21:02:29] [Server thread/INFO]: [EssentialsSpawn] Enabling EssentialsSpawn v2.19.2
[21:02:29] [Server thread/INFO]: [EssentialsSpawn] Starting Metrics. Opt-out using the global bStats config.
[21:02:29] [Server thread/INFO]: [WorldGuardExtraFlags] Enabling WorldGuardExtraFlags v4.1.5-SNAPSHOT
[21:02:29] [Server thread/INFO]: [WorldGuard] Registering session handler net.goldtreeservers.worldguardextraflags.wg.handlers.TeleportOnEntryFlagHandler
[21:02:29] [Server thread/INFO]: [WorldGuard] Registering session handler net.goldtreeservers.worldguardextraflags.wg.handlers.TeleportOnExitFlagHandler
[21:02:29] [Server thread/INFO]: [WorldGuard] Registering session handler net.goldtreeservers.worldguardextraflags.wg.handlers.CommandOnEntryFlagHandler
[21:02:29] [Server thread/INFO]: [WorldGuard] Registering session handler net.goldtreeservers.worldguardextraflags.wg.handlers.CommandOnExitFlagHandler
[21:02:29] [Server thread/INFO]: [WorldGuard] Registering session handler net.goldtreeservers.worldguardextraflags.wg.handlers.ConsoleCommandOnEntryFlagHandler
[21:02:29] [Server thread/INFO]: [WorldGuard] Registering session handler net.goldtreeservers.worldguardextraflags.wg.handlers.ConsoleCommandOnExitFlagHandler
[21:02:29] [Server thread/INFO]: [WorldGuard] Registering session handler net.goldtreeservers.worldguardextraflags.wg.handlers.WalkSpeedFlagHandler
[21:02:29] [Server thread/INFO]: [WorldGuard] Registering session handler net.goldtreeservers.worldguardextraflags.wg.handlers.BlockedEffectsFlagHandler
[21:02:29] [Server thread/INFO]: [WorldGuard] Registering session handler net.goldtreeservers.worldguardextraflags.wg.handlers.GodmodeFlagHandler
[21:02:29] [Server thread/INFO]: [WorldGuard] Registering session handler net.goldtreeservers.worldguardextraflags.wg.handlers.GiveEffectsFlagHandler
[21:02:29] [Server thread/INFO]: [WorldGuard] Registering session handler net.goldtreeservers.worldguardextraflags.wg.handlers.FlyFlagHandler
[21:02:29] [Server thread/INFO]: [WorldGuard] Registering session handler net.goldtreeservers.worldguardextraflags.wg.handlers.FlySpeedFlagHandler
[21:02:29] [Server thread/INFO]: [WorldGuard] Registering session handler net.goldtreeservers.worldguardextraflags.wg.handlers.PlaySoundsFlagHandler
[21:02:29] [Server thread/INFO]: [WorldGuard] Registering session handler net.goldtreeservers.worldguardextraflags.wg.handlers.GlideFlagHandler
[21:02:29] [Server thread/INFO]: [TitleManager] Enabling TitleManager v2.3.6
[21:02:29] [Server thread/INFO]: [GadgetsMenu] Enabling GadgetsMenu v4.6.0
[21:02:29] [Server thread/INFO]: [GadgetsMenu] ------------------------------------------------------
[21:02:29] [Server thread/INFO]: [GadgetsMenu]         GadgetsMenu [Free] 4.6.0 is loading...
[21:02:29] [Server thread/INFO]: [GadgetsMenu]          [server: git-Paper-408 (MC: 1.17.1)]
[21:02:29] [Server thread/INFO]: [GadgetsMenu]                  Running Java 17.0.1
[21:02:29] [Server thread/INFO]: [GadgetsMenu]                Plugin by Yap Zhen Yie.
[21:02:29] [Server thread/INFO]: [GadgetsMenu]            Date Modified: 29 December 2021
[21:02:29] [Server thread/INFO]: [GadgetsMenu]                            
[21:02:29] [Server thread/INFO]: [GadgetsMenu]              Initializing module v1_17_R1
[21:02:29] [Server thread/INFO]: [GadgetsMenu] ------------------------------------------------------
[21:02:30] [Server thread/INFO]: [GadgetsMenu] Connecting to SQLite database...
[21:02:30] [Server thread/INFO]: [GadgetsMenu] Successfully connected to SQLite database!
[21:02:30] [Server thread/INFO]: [GadgetsMenu] Enabled Mystery Vault individual hologram.
[21:02:30] [Server thread/INFO]: [PlaceholderAPI] Successfully registered expansion: gadgetsmenu [1.0.2]
[21:02:30] [Server thread/INFO]: [GadgetsMenu] [Placeholder] PlaceholderAPI hooked.
[21:02:30] [Server thread/INFO]: [Skywars] Enabling Skywars v5.6.1
[21:02:30] [Server thread/INFO]: [Skywars] Loading support for v1_17_R1
[21:02:30] [Server thread/INFO]: [PlaceholderAPI] Successfully registered expansion: swr [5.6.1]
[21:02:30] [Server thread/INFO]: [MVdWPlaceholderAPI] Skywars added custom placeholder {swr_wins}
[21:02:30] [Server thread/INFO]: [MVdWPlaceholderAPI] Skywars added custom placeholder {swr_losses}
[21:02:30] [Server thread/INFO]: [MVdWPlaceholderAPI] Skywars added custom placeholder {swr_kills}
[21:02:30] [Server thread/INFO]: [MVdWPlaceholderAPI] Skywars added custom placeholder {swr_deaths}
[21:02:30] [Server thread/INFO]: [MVdWPlaceholderAPI] Skywars added custom placeholder {swr_xp}
[21:02:30] [Server thread/INFO]: [MVdWPlaceholderAPI] Skywars added custom placeholder {swr_games_played}
[21:02:30] [Server thread/INFO]: [MVdWPlaceholderAPI] Skywars added custom placeholder {swr_kill_death}
[21:02:30] [Server thread/INFO]: [MVdWPlaceholderAPI] Skywars added custom placeholder {swr_win_loss}
[21:02:30] [Server thread/INFO]: [MVdWPlaceholderAPI] Skywars added custom placeholder {swr_level}
[21:02:30] [Server thread/INFO]: Default chest type of map Palace is CHESTNORMAL
[21:02:30] [Server thread/INFO]: Default chest type of mapPalace started with CHEST and is set to CHESTNORMAL
[21:02:30] [Server thread/INFO]: [Skywars] Registered Map Palace!
[21:02:30] [Server thread/INFO]: Default chest type of map Pines is CHESTNORMAL
[21:02:30] [Server thread/INFO]: Default chest type of mapPines started with CHEST and is set to CHESTNORMAL
[21:02:30] [Server thread/INFO]: [Skywars] Registered Map Pines!
[21:02:30] [Server thread/INFO]: Default chest type of map Mars is CHESTNORMAL
[21:02:30] [Server thread/INFO]: Default chest type of mapMars started with CHEST and is set to CHESTNORMAL
[21:02:30] [Server thread/INFO]: [Skywars] Registered Map Mars!
[21:02:30] [Server thread/INFO]: Default chest type of map Trees is CHESTNORMAL
[21:02:30] [Server thread/INFO]: Default chest type of mapTrees started with CHEST and is set to CHESTNORMAL
[21:02:30] [Server thread/INFO]: [Skywars] Registered Map Trees!
[21:02:30] [Server thread/INFO]: Default chest type of map Cake is CHESTNORMAL
[21:02:30] [Server thread/INFO]: Default chest type of mapCake started with CHEST and is set to CHESTNORMAL
[21:02:30] [Server thread/INFO]: [Skywars] Registered Map Cake!
[21:02:30] [Server thread/INFO]: Default chest type of map Mythic is CHESTNORMAL
[21:02:30] [Server thread/INFO]: Default chest type of mapMythic started with CHEST and is set to CHESTNORMAL
[21:02:30] [Server thread/INFO]: [Skywars] Registered Map Mythic!
[21:02:30] [Server thread/INFO]: Default chest type of map Memorial is CHESTNORMAL
[21:02:30] [Server thread/INFO]: Default chest type of mapMemorial started with CHEST and is set to CHESTNORMAL
[21:02:30] [Server thread/INFO]: [Skywars] Registered Map Memorial!
[21:02:31] [Server thread/INFO]: Default chest type of map Dawn is CHESTNORMAL
[21:02:31] [Server thread/INFO]: Default chest type of mapDawn started with CHEST and is set to CHESTNORMAL
[21:02:31] [Server thread/INFO]: [Skywars] Registered Map Dawn!
[21:02:31] [Server thread/INFO]: Default chest type of map Japan is CHESTNORMAL
[21:02:31] [Server thread/INFO]: Default chest type of mapJapan started with CHEST and is set to CHESTNORMAL
[21:02:31] [Server thread/INFO]: [Skywars] Registered Map Japan!
[21:02:31] [Server thread/INFO]: [PlaceholderAPI] Placeholder expansion registration initializing...
[21:02:31] [Server thread/INFO]: Running delayed init tasks
[21:02:31] [Craft Scheduler Thread - 4 - Essentials/INFO]: [Essentials] Fetching version information...
[21:02:31] [Craft Scheduler Thread - 6 - GadgetsMenu/INFO]: [GadgetsMenu] Checking for updates...
[21:02:31] [Server thread/INFO]: [ViaVersion] ViaVersion detected server version: 1.17.1 (756)
[21:02:31] [Craft Scheduler Thread - 6 - GadgetsMenu/INFO]: [GadgetsMenu] You have an old version of the plugin. You are using 4.6.0, available version 4.6.1.
[21:02:31] [Server thread/INFO]: [Essentials] Essentials found a compatible payment resolution method: Vault Compatibility Layer (v1.7.3-b131)!
[21:02:31] [Server thread/INFO]: [Citizens] Loaded 12 NPCs.
[21:02:31] [Server thread/INFO]: [PlaceholderAPI] Successfully registered expansion: statistic [2.0.1]
[21:02:31] [Server thread/INFO]: [PlaceholderAPI] Successfully registered expansion: player [2.0.2]
[21:02:31] [Server thread/WARN]: [PlaceholderAPI] Loaded class net.milkbowl.vault.economy.Economy from Vault v1.7.3-b131 which is not a depend, softdepend or loadbefore of this plugin.
[21:02:31] [Server thread/INFO]: [PlaceholderAPI] Successfully registered expansion: vault [1.7.0]
[21:02:31] [Server thread/INFO]: 3 placeholder hook(s) registered!
[21:02:31] [Server thread/INFO]: [ViaVersion] Finished mapping loading, shutting down loader executor!
[21:02:32] [Server thread/INFO]: [HolographicDisplays] Found a new version available: v3.0.0
[21:02:32] [Server thread/INFO]: [HolographicDisplays] Download it on Bukkit Dev:
[21:02:32] [Server thread/INFO]: [HolographicDisplays] dev.bukkit.org/projects/holographic-displays
[21:02:32] [Server thread/INFO]: Done (16.572s)! For help, type "help"
[21:02:32] [Server thread/INFO]: Timings Reset
[21:02:32] [Craft Scheduler Thread - 2 - Vault/INFO]: [Vault] Checking for Updates ... 
[21:02:32] [Craft Scheduler Thread - 2 - Vault/INFO]: [Vault] No new version available
[21:02:32] [Server thread/INFO]: [WorldGuard] (Palace) TNT ignition is PERMITTED.
[21:02:32] [Server thread/INFO]: [WorldGuard] (Palace) Lighters are PERMITTED.
[21:02:32] [Server thread/INFO]: [WorldGuard] (Palace) Lava fire is PERMITTED.
[21:02:32] [Server thread/INFO]: [WorldGuard] (Palace) Fire spread is UNRESTRICTED.
[21:02:32] [Server thread/INFO]: [WorldGuard] Loaded configuration for world 'Palace'
[21:02:32] [Server thread/INFO]: [WorldGuard] (Pines) TNT ignition is PERMITTED.
[21:02:32] [Server thread/INFO]: [WorldGuard] (Pines) Lighters are PERMITTED.
[21:02:32] [Server thread/INFO]: [WorldGuard] (Pines) Lava fire is PERMITTED.
[21:02:32] [Server thread/INFO]: [WorldGuard] (Pines) Fire spread is UNRESTRICTED.
[21:02:32] [Server thread/INFO]: [WorldGuard] Loaded configuration for world 'Pines'
[21:02:32] [Server thread/INFO]: [WorldGuard] (Mars) TNT ignition is PERMITTED.
[21:02:32] [Server thread/INFO]: [WorldGuard] (Mars) Lighters are PERMITTED.
[21:02:32] [Server thread/INFO]: [WorldGuard] (Mars) Lava fire is PERMITTED.
[21:02:32] [Server thread/INFO]: [WorldGuard] (Mars) Fire spread is UNRESTRICTED.
[21:02:32] [Server thread/INFO]: [WorldGuard] Loaded configuration for world 'Mars'
[21:02:32] [Server thread/INFO]: [WorldGuard] (Trees) TNT ignition is PERMITTED.
[21:02:32] [Server thread/INFO]: [WorldGuard] (Trees) Lighters are PERMITTED.
[21:02:32] [Server thread/INFO]: [WorldGuard] (Trees) Lava fire is PERMITTED.
[21:02:32] [Server thread/INFO]: [WorldGuard] (Trees) Fire spread is UNRESTRICTED.
[21:02:32] [Server thread/INFO]: [WorldGuard] Loaded configuration for world 'Trees'
[21:02:32] [Server thread/INFO]: [WorldGuard] (Cake) TNT ignition is PERMITTED.
[21:02:32] [Server thread/INFO]: [WorldGuard] (Cake) Lighters are PERMITTED.
[21:02:32] [Server thread/INFO]: [WorldGuard] (Cake) Lava fire is PERMITTED.
[21:02:32] [Server thread/INFO]: [WorldGuard] (Cake) Fire spread is UNRESTRICTED.
[21:02:32] [Server thread/INFO]: [WorldGuard] Loaded configuration for world 'Cake'
[21:02:32] [Server thread/INFO]: [WorldGuard] (Mythic) TNT ignition is PERMITTED.
[21:02:32] [Server thread/INFO]: [WorldGuard] (Mythic) Lighters are PERMITTED.
[21:02:32] [Server thread/INFO]: [WorldGuard] (Mythic) Lava fire is PERMITTED.
[21:02:32] [Server thread/INFO]: [WorldGuard] (Mythic) Fire spread is UNRESTRICTED.
[21:02:32] [Server thread/INFO]: [WorldGuard] Loaded configuration for world 'Mythic'
[21:02:33] [Server thread/INFO]: [WorldGuard] (Memorial) TNT ignition is PERMITTED.
[21:02:33] [Server thread/INFO]: [WorldGuard] (Memorial) Lighters are PERMITTED.
[21:02:33] [Server thread/INFO]: [WorldGuard] (Memorial) Lava fire is PERMITTED.
[21:02:33] [Server thread/INFO]: [WorldGuard] (Memorial) Fire spread is UNRESTRICTED.
[21:02:33] [Server thread/INFO]: [WorldGuard] Loaded configuration for world 'Memorial'
[21:02:33] [Server thread/INFO]: [WorldGuard] (Dawn) TNT ignition is PERMITTED.
[21:02:33] [Server thread/INFO]: [WorldGuard] (Dawn) Lighters are PERMITTED.
[21:02:33] [Server thread/INFO]: [WorldGuard] (Dawn) Lava fire is PERMITTED.
[21:02:33] [Server thread/INFO]: [WorldGuard] (Dawn) Fire spread is UNRESTRICTED.
[21:02:33] [Server thread/INFO]: [WorldGuard] Loaded configuration for world 'Dawn'
[21:02:33] [Server thread/INFO]: [WorldGuard] (Japan) TNT ignition is PERMITTED.
[21:02:33] [Server thread/INFO]: [WorldGuard] (Japan) Lighters are PERMITTED.
[21:02:33] [Server thread/INFO]: [WorldGuard] (Japan) Lava fire is PERMITTED.
[21:02:33] [Server thread/INFO]: [WorldGuard] (Japan) Fire spread is UNRESTRICTED.
[21:02:33] [Server thread/INFO]: [WorldGuard] Loaded configuration for world 'Japan'
[21:04:09] [User Authenticator #1/INFO]: UUID of player AllanDev is bdc83502-6d75-4c26-a633-729e9ed81aee
[21:04:09] [Server thread/INFO]: AllanDev joined the game
[21:04:09] [Server thread/INFO]: AllanDev[/64.44.84.71:55756] logged in with entity id 92 at ([skywars_world]12.246188454336057, 69.0, 23.525893530697033)
[21:04:09] [Craft Scheduler Thread - 12 - Skywars/WARN]: Now saving stats of player AllanDev
[21:04:22] [Server thread/INFO]: AllanDev issued server command: /gmenu main
[21:04:23] [Server thread/INFO]: AllanDev issued server command: /sw options
[21:04:36] [User Authenticator #1/INFO]: UUID of player AllanStrat is f0e7f028-4955-4dc8-8e40-d334ef0bd19a
[21:04:36] [Server thread/INFO]: AllanStrat joined the game
[21:04:36] [Server thread/INFO]: AllanStrat[/64.44.84.71:55760] logged in with entity id 99 at ([skywars_world]16.880322993699146, 70.5, 17.39909138928424)
[21:04:36] [Craft Scheduler Thread - 12 - Skywars/WARN]: Now saving stats of player AllanStrat
[21:05:01] [Server thread/INFO]: AllanDev issued server command: /lp editor
[21:05:01] [Craft Scheduler Thread - 14 - VoidGen/INFO]: [VoidGen] VoidGen v.2.2 is available here: https://www.spigotmc.org/resources/25391/
[21:05:24] [Server thread/INFO]: AllanDev issued server command: /lp applyedits pmOmBiSnka
[21:05:33] [Server thread/INFO]: AllanDev issued server command: /sw join
[21:05:35] [Server thread/INFO]: CONSOLE issued server command: /list 
[21:05:35] [Server thread/INFO]: There are 2 out of maximum 15 players online.
[21:05:35] [Server thread/INFO]: default: [Member] AllanDev, [Member] AllanStrat
[21:05:50] [Server thread/INFO]: AllanDev issued server command: /sw start
[21:06:21] [Server thread/INFO]: [Member] AllanStrat won a SkyWars Match on the map Pines
[21:06:41] [Server thread/INFO]: AllanStrat issued server command: /gmenu main
[21:06:44] [Server thread/INFO]: AllanStrat issued server command: /sw options
[21:06:44] [Server thread/INFO]: AllanStrat issued server command: /sw options
[21:06:45] [Server thread/INFO]: AllanStrat issued server command: /sw stats
[21:06:47] [Server thread/INFO]: AllanStrat issued server command: /sw options
[21:06:47] [Server thread/INFO]: AllanStrat issued server command: /sw options
[21:06:47] [Server thread/INFO]: AllanStrat issued server command: /sw options
[21:06:58] [Server thread/INFO]: AllanStrat issued server command: /sw options
[21:06:58] [Server thread/INFO]: AllanStrat issued server command: /sw options
[21:06:58] [Server thread/INFO]: AllanStrat issued server command: /sw options
[21:06:58] [Server thread/INFO]: AllanStrat issued server command: /sw options
[21:06:59] [Server thread/INFO]: AllanStrat issued server command: /sw options
[21:07:24] [Async Chat Thread - #0/INFO]: [SkyWars] 3 [Member] AllanDev: skywar
[21:07:32] [Server thread/INFO]: AllanDev issued server command: /lp applyedits cnMglvdcG3
[21:07:35] [Server thread/INFO]: AllanDev issued server command: /lp applyedits cnMglvdcG3 --force
[21:07:35] [luckperms-command-executor/INFO]: [LP] LOG > (AllanDev) [G] (default)
[21:07:35] [luckperms-command-executor/INFO]: [LP] LOG > webeditor add sw.options true
[21:07:35] [luckperms-command-executor/INFO]: [LP] LOG > (AllanDev) [G] (default)
[21:07:35] [luckperms-command-executor/INFO]: [LP] LOG > webeditor add sw.quit true
[21:07:35] [luckperms-command-executor/INFO]: [LP] LOG > (AllanDev) [G] (default)
[21:07:35] [luckperms-command-executor/INFO]: [LP] LOG > webeditor add sw.particle true
[21:07:37] [Server thread/INFO]: AllanStrat issued server command: /sw options
[21:07:41] [Server thread/INFO]: AllanStrat lost connection: Disconnected
[21:07:41] [Server thread/WARN]: Now saving stats of player AllanStrat
[21:07:41] [Server thread/INFO]: AllanStrat left the game
[21:07:43] [User Authenticator #2/INFO]: UUID of player AllanStrat is f0e7f028-4955-4dc8-8e40-d334ef0bd19a
[21:07:43] [Server thread/INFO]: AllanStrat joined the game
[21:07:43] [Server thread/INFO]: AllanStrat[/64.44.84.71:55805] logged in with entity id 140 at ([skywars_world]8.142677416209164, 66.0, 34.31937354972719)
[21:07:43] [Craft Scheduler Thread - 29 - Skywars/WARN]: Now saving stats of player AllanStrat
[21:08:38] [Server thread/INFO]: CONSOLE issued server command: /list 
[21:08:38] [Server thread/INFO]: There are 2 out of maximum 15 players online.
[21:08:38] [Server thread/INFO]: default: [Member] AllanDev, [Member] AllanStrat
[21:09:03] [Server thread/INFO]: AllanDev issued server command: /lp applyedits 2LPSZD0DJp
[21:09:05] [Server thread/INFO]: AllanDev issued server command: /lp applyedits 2LPSZD0DJp --force
[21:09:05] [luckperms-command-executor/INFO]: [LP] LOG > (AllanDev) [G] (default)
[21:09:05] [luckperms-command-executor/INFO]: [LP] LOG > webeditor add sw.spectate true
[21:09:54] [Server thread/INFO]: AllanStrat lost connection: Disconnected
[21:09:54] [Server thread/WARN]: Now saving stats of player AllanStrat
[21:09:54] [Server thread/INFO]: AllanStrat left the game
[21:09:56] [User Authenticator #3/INFO]: UUID of player AllanStrat is f0e7f028-4955-4dc8-8e40-d334ef0bd19a
[21:09:56] [Server thread/INFO]: AllanStrat joined the game
[21:09:56] [Server thread/INFO]: AllanStrat[/64.44.84.71:55856] logged in with entity id 157 at ([skywars_world]8.336570105939412, 66.0, 32.715861270125586)
[21:09:56] [Craft Scheduler Thread - 41 - Skywars/WARN]: Now saving stats of player AllanStrat
[21:10:14] [Server thread/INFO]: AllanStrat lost connection: Disconnected
[21:10:14] [Server thread/WARN]: Now saving stats of player AllanStrat
[21:10:14] [Server thread/INFO]: AllanStrat left the game
[21:10:27] [Server thread/INFO]: Saving the game (this may take a moment!)
[21:10:27] [Server thread/INFO]: Saved the game
[21:10:27] [Server thread/INFO]: Stopping the server
[21:10:27] [Server thread/INFO]: Stopping server
[21:10:27] [Server thread/INFO]: [Skywars] Disabling Skywars v5.6.1
[21:10:27] [Server thread/INFO]: [GadgetsMenu] Disabling GadgetsMenu v4.6.0
[21:10:27] [Server thread/INFO]: [GadgetsMenu] SQLite database connection has been closed.
[21:10:27] [Server thread/INFO]: [TitleManager] Disabling TitleManager v2.3.6
[21:10:27] [Server thread/INFO]: [WorldGuardExtraFlags] Disabling WorldGuardExtraFlags v4.1.5-SNAPSHOT
[21:10:27] [Server thread/INFO]: [EssentialsSpawn] Disabling EssentialsSpawn v2.19.2
[21:10:27] [Server thread/INFO]: [TAB] Disabling TAB v3.0.1
[21:10:27] [Server thread/INFO]: [TAB] Disabled in 1ms
[21:10:27] [Server thread/INFO]: [EssentialsChat] Disabling EssentialsChat v2.19.2
[21:10:27] [Server thread/INFO]: [Citizens] Disabling Citizens v2.0.29-SNAPSHOT (build 2448)
[21:10:27] [Server thread/INFO]: [WorldGuard] Disabling WorldGuard v7.0.6+1cff55f
[21:10:27] [Server thread/INFO]: [WorldGuard] Shutting down executor and cancelling any pending tasks...
[21:10:27] [Server thread/INFO]: [HolographicDisplays] Disabling HolographicDisplays v2.4.9
[21:10:27] [Server thread/INFO]: [Essentials] Disabling Essentials v2.19.2
[21:10:27] [Server thread/INFO]: [Vault] [Economy] Essentials Economy unhooked.
[21:10:27] [Server thread/INFO]: [WorldEdit] Disabling WorldEdit v7.2.8+6008-1246d61
[21:10:27] [Server thread/INFO]: Unregistering com.sk89q.worldedit.bukkit.BukkitServerInterface from WorldEdit
[21:10:27] [Server thread/INFO]: [ServerListPlus] Disabling ServerListPlus v3.4.8
[21:10:27] [Server thread/INFO]: [ServerListPlus] ServerListPlus v3.4.8 disabled.
[21:10:27] [Server thread/INFO]: [Vault] Disabling Vault v1.7.3-b131
[21:10:27] [Server thread/INFO]: [PlaceholderAPI] Unregistered placeholder expansion: vault
[21:10:27] [Server thread/INFO]: [ProtocolLib] Disabling ProtocolLib v4.7.0
[21:10:27] [Server thread/INFO]: [QuickBoard] Disabling QuickBoard v4.4.1
[21:10:27] [Server thread/INFO]: [LuckPerms] Disabling LuckPerms v5.3.86
[21:10:27] [Server thread/INFO]: [LuckPerms] Starting shutdown process...
[21:10:28] [Server thread/INFO]: [LuckPerms] Closing storage...
[21:10:28] [Server thread/INFO]: [LuckPerms] Goodbye!
[21:10:28] [Server thread/INFO]: [ViaRewind] Disabling ViaRewind v2.0.2
[21:10:28] [Server thread/INFO]: [ViaBackwards] Disabling ViaBackwards v4.1.1
[21:10:28] [Server thread/INFO]: [ViaVersion] Disabling ViaVersion v4.1.1
[21:10:28] [Server thread/INFO]: [ViaVersion] ViaVersion is disabling, if this is a reload and you experience issues consider rebooting.
[21:10:28] [Server thread/INFO]: [MVdWPlaceholderAPI] Disabling MVdWPlaceholderAPI v3.1.1
[21:10:28] [Server thread/INFO]: [LaggRemover] Disabling LaggRemover v2.0.6
[21:10:28] [Server thread/INFO]: [LaggRemover] LaggRemover has been disabled!
[21:10:28] [Server thread/INFO]: [LaunchPads] Disabling LaunchPads v2.1.0
[21:10:28] [Server thread/INFO]: [PlaceholderAPI] Disabling PlaceholderAPI v2.11.1
[21:10:28] [Server thread/INFO]: [VoidTeleport] Disabling VoidTeleport v2.3.7
[21:10:28] [Server thread/INFO]: [VoidGen] Disabling VoidGen v2.1.3
[21:10:28] [Server thread/INFO]: Saving players
[21:10:28] [Server thread/INFO]: AllanDev lost connection: Server closed
[21:10:28] [Server thread/INFO]: [Member] AllanDev left the game
[21:10:28] [Server thread/INFO]: Saving worlds
[21:10:28] [Server thread/INFO]: Saving chunks for level 'ServerLevel[skywars_world]'/minecraft:overworld
[21:10:28] [Server thread/INFO]: ThreadedAnvilChunkStorage (skywars_world): All chunks are saved
[21:10:28] [Server thread/INFO]: ThreadedAnvilChunkStorage: All dimensions are saved
[21:10:28] [Server thread/INFO]: Flushing Chunk IO
[21:10:28] [Server thread/INFO]: Closing Thread Pool
[21:10:28] [Server thread/INFO]: Closing Server
